<?xml version="1.0" encoding="UTF-8"?>
<!-- Generated by org.testng.reporters.JUnitReportReporter -->
<testsuite skipped="0" hostname="LAPTOP-5T8HVO9F" name="seleniumTestNgPackage.SeleniumTestNgTest" tests="1" failures="0" timestamp="2021-06-03T15:54:15 CDT" time="3.961" errors="0">
  <testcase name="f" time="3.961" classname="seleniumTestNgPackage.SeleniumTestNgTest"/>
  <system-out/>
</testsuite> <!-- seleniumTestNgPackage.SeleniumTestNgTest -->
