<?xml version="1.0" encoding="UTF-8"?>
<!-- Generated by org.testng.reporters.JUnitReportReporter -->
<testsuite skipped="0" hostname="LAPTOP-5T8HVO9F" name="tests.HomepageSignInLinkTests" tests="3" failures="0" timestamp="2021-06-04T14:45:59 CDT" time="40.234" errors="0">
  <testcase name="CreateAnAccountTest" time="14.612" classname="tests.HomepageSignInLinkTests"/>
  <system-out/>
  <testcase name="SignInPageYourPersonalInfoForm" time="11.920" classname="tests.HomepageSignInLinkTests"/>
  <system-out/>
  <testcase name="SignInPageYourAddressForm" time="13.702" classname="tests.HomepageSignInLinkTests"/>
  <system-out/>
</testsuite> <!-- tests.HomepageSignInLinkTests -->
